9741 900
900 9116
9556 900
9083 900
900 8983
8781 900
900 8572
9494 900
900 9716
900 9427
9725 900
900 9618
900 9476
9692 900
9680 900
900 8078
9652 900
900 9723
9678 900
900 8472
900 9543
352 900
9555 900
9225 9226
9189 900
900 9205
900 9431
9709 9711
900 6399
900 9534
900 9713
900 5962
900 9239
900 9318
900 9493
900 9304
900 9346
9514 900
900 9226
8950 900
900 9591
9712 900
2146 900
9540 900
900 8662
900 8473
9556 8572
8472 8473
7515 900
9335 900
9682 900
900 8912
900 9616
900 9742
900 9686
900 9598
900 8477
9553 900
9730 900
900 9704
9675 900
900 9310
9698 900
9515 900
9583 900
9744 900
9736 9737
9650 900
900 9679
6397 900
900 9610
8743 900
900 9371
900 9656
8717 900
900 9415
900 9590
9627 900
6397 6399
8908 900
900 6019
900 8452
900 9745
7434 900
900 9705
9225 900
900 9739
900 9479
9584 900
9412 900
900 9687
900 9628
900 9719
900 9569
900 9732
900 5113
900 9294
900 9666
1922 900
